<?xml version="1.0" encoding="UTF-8"?>
<testsuite name="com.example.glm.ExampleUnitTest" tests="1" skipped="0" failures="0" errors="0" timestamp="2023-04-12T20:35:52" hostname="dhcp-10-142-151-203.uawifi.arizona.edu" time="0.002">
  <properties/>
  <testcase name="addition_isCorrect" classname="com.example.glm.ExampleUnitTest" time="0.002"/>
  <system-out><![CDATA[]]></system-out>
  <system-err><![CDATA[]]></system-err>
</testsuite>
